*** Starting build of parser frame
*** Compiling each module
*** Compiling parser 2, 3, 4, 5
*** End of separate module compilation
*** Save old parser output
*** Build and test the frame demo
*** Running test

 *** In  parser
 *** In  program_header
 --------In match expected:  268, found:  268
 --------In match expected:  258, found:  258
 --------In match expected:   40, found:   40
 --------In match expected:  269, found:  269
 --------In match expected:   44, found:   44
 --------In match expected:  270, found:  270
 --------In match expected:   41, found:   41
 --------In match expected:   59, found:   59
 *** In  var_part
 --------In match expected:  271, found:  271
 --------In match expected:  258, found:  258
 --------In match expected:   44, found:   44
 --------In match expected:  258, found:  258
 --------In match expected:   44, found:   44
 --------In match expected:  258, found:  258
 --------In match expected:   58, found:   58
 --------In match expected:  275, found:  275
 --------In match expected:   59, found:   59
 *** In  stat_part
 --------In match expected:  272, found:  272
 --------In match expected:  258, found:  258
 --------In match expected:  260, found:  260
 --------In match expected:  258, found:  258
 --------In match expected:   43, found:   43
 --------In match expected:  258, found:  258
 --------In match expected:   42, found:   42
 --------In match expected:  259, found:  259
 --------In match expected:  273, found:  273
 --------In match expected:   46, found:   46 
 Parse Successful! 
*** Comparing current and previous outputs 
*** End of comparison
*** Tidy up ...
*** End of tidy up
*** End of parser test
