
THE SYMBOL TABLE
________________________________________________________
NAME            ROLE       TYPE       SIZE       ADDR      
________________________________________________________

________________________________________________________

STATIC STORAGE REQUIRED is 0 BYTES

________________________________________________________

THE SYMBOL TABLE
________________________________________________________
NAME            ROLE       TYPE       SIZE       ADDR      
________________________________________________________

         A          var      TERROR      0      0
         B          var      TERROR      0      0
         C          var      TERROR      0      0
         D          var      TERROR      0      0
         E          var      TERROR      0      0
         F          var      TERROR      0      0
________________________________________________________

STATIC STORAGE REQUIRED is 0 BYTES

________________________________________________________

 name NOT FOUND 
 name NOT FOUND 
 name NOT FOUND 
 name NOT FOUND 

